Arguments: 
  /home/gastonite/.nvm/versions/node/v8.11.1/bin/node /usr/share/yarn/bin/yarn.js add lodash.isfunction

PATH: 
  /home/gastonite/bin:/home/gastonite/.local/bin:/home/gastonite/.nvm/versions/node/v8.11.1/bin:/home/gastonite/bin:/home/gastonite/.local/bin:/usr/local/sbin:/usr/local/bin:/usr/sbin:/usr/bin:/sbin:/bin:/usr/games:/usr/local/games:/snap/bin

Yarn version: 
  1.6.0

Node version: 
  8.11.1

Platform: 
  linux x64

Trace: 
  Error: getaddrinfo EAI_AGAIN registry.yarnpkg.com:443
      at Object._errnoException (util.js:1022:11)
      at errnoException (dns.js:55:15)
      at GetAddrInfoReqWrap.onlookup [as oncomplete] (dns.js:92:26)

npm manifest: 
  {
    "name": "monocycle",
    "version": "1.0.1",
    "description": "",
    "main": "index.js",
    "scripts": {
      "test": "echo \"Error: no test specified\" && exit 1"
    },
    "repository": "ssh://github/Gastonite/monocycle.git",
    "author": "Clément Pasquier <clement@n00sphere.net>",
    "license": "ISC"
  }

yarn manifest: 
  No manifest

Lockfile: 
  No lockfile
